Determining if the pthread_create exist failed with the following output:
Change Dir: /home/therring/Workspace/optic/static/CMakeFiles/CMakeTmp

Run Build Command:"/usr/bin/make" "cmTC_2303f/fast"
make[1]: Entering directory '/Workspace/optic/static/CMakeFiles/CMakeTmp'
/usr/bin/make -f CMakeFiles/cmTC_2303f.dir/build.make CMakeFiles/cmTC_2303f.dir/build
make[2]: Entering directory '/Workspace/optic/static/CMakeFiles/CMakeTmp'
Building C object CMakeFiles/cmTC_2303f.dir/CheckSymbolExists.c.o
/usr/bin/cc    -o CMakeFiles/cmTC_2303f.dir/CheckSymbolExists.c.o   -c /home/therring/Workspace/optic/static/CMakeFiles/CMakeTmp/CheckSymbolExists.c
Linking C executable cmTC_2303f
/usr/bin/cmake -E cmake_link_script CMakeFiles/cmTC_2303f.dir/link.txt --verbose=1
/usr/bin/cc      -rdynamic CMakeFiles/cmTC_2303f.dir/CheckSymbolExists.c.o  -o cmTC_2303f 
CMakeFiles/cmTC_2303f.dir/CheckSymbolExists.c.o: In function `main':
CheckSymbolExists.c:(.text+0x1b): undefined reference to `pthread_create'
collect2: error: ld returned 1 exit status
CMakeFiles/cmTC_2303f.dir/build.make:97: recipe for target 'cmTC_2303f' failed
make[2]: *** [cmTC_2303f] Error 1
make[2]: Leaving directory '/Workspace/optic/static/CMakeFiles/CMakeTmp'
Makefile:126: recipe for target 'cmTC_2303f/fast' failed
make[1]: *** [cmTC_2303f/fast] Error 2
make[1]: Leaving directory '/Workspace/optic/static/CMakeFiles/CMakeTmp'

File /home/therring/Workspace/optic/static/CMakeFiles/CMakeTmp/CheckSymbolExists.c:
/* */
#include <pthread.h>

int main(int argc, char** argv)
{
  (void)argv;
#ifndef pthread_create
  return ((int*)(&pthread_create))[argc];
#else
  (void)argc;
  return 0;
#endif
}

Determining if the function pthread_create exists in the pthreads failed with the following output:
Change Dir: /home/therring/Workspace/optic/static/CMakeFiles/CMakeTmp

Run Build Command:"/usr/bin/make" "cmTC_c3bed/fast"
make[1]: Entering directory '/Workspace/optic/static/CMakeFiles/CMakeTmp'
/usr/bin/make -f CMakeFiles/cmTC_c3bed.dir/build.make CMakeFiles/cmTC_c3bed.dir/build
make[2]: Entering directory '/Workspace/optic/static/CMakeFiles/CMakeTmp'
Building C object CMakeFiles/cmTC_c3bed.dir/CheckFunctionExists.c.o
/usr/bin/cc   -DCHECK_FUNCTION_EXISTS=pthread_create   -o CMakeFiles/cmTC_c3bed.dir/CheckFunctionExists.c.o   -c /usr/share/cmake-3.10/Modules/CheckFunctionExists.c
Linking C executable cmTC_c3bed
/usr/bin/cmake -E cmake_link_script CMakeFiles/cmTC_c3bed.dir/link.txt --verbose=1
/usr/bin/cc  -DCHECK_FUNCTION_EXISTS=pthread_create    -rdynamic CMakeFiles/cmTC_c3bed.dir/CheckFunctionExists.c.o  -o cmTC_c3bed -lpthreads 
/usr/bin/ld: cannot find -lpthreads
collect2: error: ld returned 1 exit status
CMakeFiles/cmTC_c3bed.dir/build.make:97: recipe for target 'cmTC_c3bed' failed
make[2]: *** [cmTC_c3bed] Error 1
make[2]: Leaving directory '/Workspace/optic/static/CMakeFiles/CMakeTmp'
Makefile:126: recipe for target 'cmTC_c3bed/fast' failed
make[1]: *** [cmTC_c3bed/fast] Error 2
make[1]: Leaving directory '/Workspace/optic/static/CMakeFiles/CMakeTmp'


