Determining if the pthread_create exist failed with the following output:
Change Dir: /home/therring/Workspace/optic/static/CMakeFiles/CMakeTmp

Run Build Command:"/usr/bin/make" "cmTC_16cc4/fast"
/usr/bin/make -f CMakeFiles/cmTC_16cc4.dir/build.make CMakeFiles/cmTC_16cc4.dir/build
make[1]: Entering directory '/Workspace/optic/static/CMakeFiles/CMakeTmp'
Building C object CMakeFiles/cmTC_16cc4.dir/CheckSymbolExists.c.o
/usr/bin/cc    -o CMakeFiles/cmTC_16cc4.dir/CheckSymbolExists.c.o   -c /home/therring/Workspace/optic/static/CMakeFiles/CMakeTmp/CheckSymbolExists.c
Linking C executable cmTC_16cc4
/usr/bin/cmake -E cmake_link_script CMakeFiles/cmTC_16cc4.dir/link.txt --verbose=1
/usr/bin/cc      -rdynamic CMakeFiles/cmTC_16cc4.dir/CheckSymbolExists.c.o  -o cmTC_16cc4 
CMakeFiles/cmTC_16cc4.dir/CheckSymbolExists.c.o: In function `main':
CheckSymbolExists.c:(.text+0x1b): undefined reference to `pthread_create'
collect2: error: ld returned 1 exit status
CMakeFiles/cmTC_16cc4.dir/build.make:97: recipe for target 'cmTC_16cc4' failed
make[1]: *** [cmTC_16cc4] Error 1
make[1]: Leaving directory '/Workspace/optic/static/CMakeFiles/CMakeTmp'
Makefile:126: recipe for target 'cmTC_16cc4/fast' failed
make: *** [cmTC_16cc4/fast] Error 2

File /home/therring/Workspace/optic/static/CMakeFiles/CMakeTmp/CheckSymbolExists.c:
/* */
#include <pthread.h>

int main(int argc, char** argv)
{
  (void)argv;
#ifndef pthread_create
  return ((int*)(&pthread_create))[argc];
#else
  (void)argc;
  return 0;
#endif
}

Determining if the function pthread_create exists in the pthreads failed with the following output:
Change Dir: /home/therring/Workspace/optic/static/CMakeFiles/CMakeTmp

Run Build Command:"/usr/bin/make" "cmTC_14eaf/fast"
/usr/bin/make -f CMakeFiles/cmTC_14eaf.dir/build.make CMakeFiles/cmTC_14eaf.dir/build
make[1]: Entering directory '/Workspace/optic/static/CMakeFiles/CMakeTmp'
Building C object CMakeFiles/cmTC_14eaf.dir/CheckFunctionExists.c.o
/usr/bin/cc   -DCHECK_FUNCTION_EXISTS=pthread_create   -o CMakeFiles/cmTC_14eaf.dir/CheckFunctionExists.c.o   -c /usr/share/cmake-3.10/Modules/CheckFunctionExists.c
Linking C executable cmTC_14eaf
/usr/bin/cmake -E cmake_link_script CMakeFiles/cmTC_14eaf.dir/link.txt --verbose=1
/usr/bin/cc  -DCHECK_FUNCTION_EXISTS=pthread_create    -rdynamic CMakeFiles/cmTC_14eaf.dir/CheckFunctionExists.c.o  -o cmTC_14eaf -lpthreads 
/usr/bin/ld: cannot find -lpthreads
collect2: error: ld returned 1 exit status
CMakeFiles/cmTC_14eaf.dir/build.make:97: recipe for target 'cmTC_14eaf' failed
make[1]: *** [cmTC_14eaf] Error 1
make[1]: Leaving directory '/Workspace/optic/static/CMakeFiles/CMakeTmp'
Makefile:126: recipe for target 'cmTC_14eaf/fast' failed
make: *** [cmTC_14eaf/fast] Error 2


