Compiling the C compiler identification source file "CMakeCCompilerId.c" failed.
Compiler: /usr/bin/cc 
Build flags: -m32
Id flags:  

The output was:
1
/usr/bin/ld: cannot find Scrt1.o: No such file or directory
/usr/bin/ld: cannot find crti.o: No such file or directory
/usr/bin/ld: skipping incompatible /usr/lib/gcc/x86_64-linux-gnu/7/libgcc.a when searching for -lgcc
/usr/bin/ld: cannot find -lgcc
/usr/bin/ld: skipping incompatible /usr/lib/gcc/x86_64-linux-gnu/7/libgcc.a when searching for -lgcc
/usr/bin/ld: cannot find -lgcc
collect2: error: ld returned 1 exit status


Compiling the CXX compiler identification source file "CMakeCXXCompilerId.cpp" failed.
Compiler: /usr/bin/c++ 
Build flags: -m32
Id flags:  

The output was:
1
/usr/bin/ld: cannot find Scrt1.o: No such file or directory
/usr/bin/ld: cannot find crti.o: No such file or directory
/usr/bin/ld: skipping incompatible /usr/lib/gcc/x86_64-linux-gnu/7/libstdc++.so when searching for -lstdc++
/usr/bin/ld: skipping incompatible /usr/lib/gcc/x86_64-linux-gnu/7/libstdc++.a when searching for -lstdc++
/usr/bin/ld: cannot find -lstdc++
/usr/bin/ld: skipping incompatible //usr/lib/x86_64-linux-gnu/libm.so when searching for -lm
/usr/bin/ld: skipping incompatible //usr/lib/x86_64-linux-gnu/libm.a when searching for -lm
/usr/bin/ld: cannot find -lm
/usr/bin/ld: skipping incompatible /usr/lib/gcc/x86_64-linux-gnu/7/libgcc.a when searching for -lgcc
/usr/bin/ld: cannot find -lgcc
collect2: error: ld returned 1 exit status


Determining if the C compiler works failed with the following output:
Change Dir: /home/therring/Workspace/optic/debug/CMakeFiles/CMakeTmp

Run Build Command:"/usr/bin/make" "cmTC_7b075/fast"
/usr/bin/make -f CMakeFiles/cmTC_7b075.dir/build.make CMakeFiles/cmTC_7b075.dir/build
make[1]: Entering directory '/Workspace/optic/debug/CMakeFiles/CMakeTmp'
Building C object CMakeFiles/cmTC_7b075.dir/testCCompiler.c.o
/usr/bin/cc   -m32    -o CMakeFiles/cmTC_7b075.dir/testCCompiler.c.o   -c /home/therring/Workspace/optic/debug/CMakeFiles/CMakeTmp/testCCompiler.c
Linking C executable cmTC_7b075
/usr/bin/cmake -E cmake_link_script CMakeFiles/cmTC_7b075.dir/link.txt --verbose=1
/usr/bin/cc -m32   -m32  -rdynamic CMakeFiles/cmTC_7b075.dir/testCCompiler.c.o  -o cmTC_7b075 
/usr/bin/ld: cannot find Scrt1.o: No such file or directory
/usr/bin/ld: cannot find crti.o: No such file or directory
/usr/bin/ld: skipping incompatible /usr/lib/gcc/x86_64-linux-gnu/7/libgcc.a when searching for -lgcc
/usr/bin/ld: cannot find -lgcc
/usr/bin/ld: skipping incompatible /usr/lib/gcc/x86_64-linux-gnu/7/libgcc.a when searching for -lgcc
/usr/bin/ld: cannot find -lgcc
collect2: error: ld returned 1 exit status
CMakeFiles/cmTC_7b075.dir/build.make:97: recipe for target 'cmTC_7b075' failed
make[1]: *** [cmTC_7b075] Error 1
make[1]: Leaving directory '/Workspace/optic/debug/CMakeFiles/CMakeTmp'
Makefile:126: recipe for target 'cmTC_7b075/fast' failed
make: *** [cmTC_7b075/fast] Error 2


